<?xml version="1.0" encoding="utf-8"?>
<test-run id="2" name="LINQExample.exe" fullname="D:/Projects/Research/LINQ/LINQExample/bin/Debug/LINQExample.exe" testcasecount="7" result="Failed" start-time="2016-10-14 02:07:28Z" end-time="2016-10-14 02:07:29Z" duration="0.065983" total="7" passed="6" failed="1" inconclusive="0" skipped="0" asserts="6" random-seed="1809178055">
  <command-line><![CDATA["D:\Projects\Research\LINQ\LINQExample\bin\Debug\LINQExample.exe"   ]]></command-line>
  <filter />
  <test-suite type="Assembly" id="1009" name="LINQExample.exe" fullname="D:/Projects/Research/LINQ/LINQExample/bin/Debug/LINQExample.exe" runstate="Runnable" testcasecount="7" result="Failed" site="Child" start-time="2016-10-14 02:07:28Z" end-time="2016-10-14 02:07:29Z" duration="0.065983" total="7" passed="6" failed="1" inconclusive="0" skipped="0" asserts="6">
    <environment framework-version="3.4.1.0" clr-version="4.0.30319.42000" os-version="Microsoft Windows NT 6.1.7601 Service Pack 1" platform="Win32NT" cwd="D:\Projects\Research\LINQ\LINQExample\bin\Debug" machine-name="CONNEX-TON-A" user="anumart.c" user-domain="CONNEX" culture="en-US" uiculture="en-US" os-architecture="x86" />
    <settings>
      <setting name="WorkDirectory" value="D:\Projects\Research\LINQ\LINQExample\bin\Debug" />
      <setting name="NumberOfTestWorkers" value="4" />
    </settings>
    <properties>
      <property name="_PID" value="4336" />
      <property name="_APPDOMAIN" value="LINQExample.exe" />
    </properties>
    <failure>
      <message><![CDATA[One or more child tests had errors]]></message>
    </failure>
    <test-suite type="TestSuite" id="1010" name="LINQExample" fullname="LINQExample" runstate="Runnable" testcasecount="7" result="Failed" site="Child" start-time="2016-10-14 02:07:28Z" end-time="2016-10-14 02:07:29Z" duration="0.057190" total="7" passed="6" failed="1" inconclusive="0" skipped="0" asserts="6">
      <failure>
        <message><![CDATA[One or more child tests had errors]]></message>
      </failure>
      <test-suite type="TestSuite" id="1011" name="Small" fullname="LINQExample.Small" runstate="Runnable" testcasecount="1" result="Failed" site="Child" start-time="2016-10-14 02:07:28Z" end-time="2016-10-14 02:07:29Z" duration="0.023671" total="1" passed="0" failed="1" inconclusive="0" skipped="0" asserts="0">
        <failure>
          <message><![CDATA[One or more child tests had errors]]></message>
        </failure>
        <test-suite type="TestFixture" id="1000" name="ToSmallestTests" fullname="LINQExample.Small.ToSmallestTests" classname="LINQExample.Small.ToSmallestTests" runstate="Runnable" testcasecount="1" result="Failed" site="Child" start-time="2016-10-14 02:07:28Z" end-time="2016-10-14 02:07:29Z" duration="0.020152" total="1" passed="0" failed="1" inconclusive="0" skipped="0" asserts="0">
          <failure>
            <message><![CDATA[One or more child tests had errors]]></message>
          </failure>
          <test-case id="1001" name="test1" fullname="LINQExample.Small.ToSmallestTests.test1" methodname="test1" classname="LINQExample.Small.ToSmallestTests" runstate="Runnable" seed="500230368" result="Failed" label="Error" start-time="2016-10-14 02:07:28Z" end-time="2016-10-14 02:07:29Z" duration="0.011593" asserts="0">
            <failure>
              <message><![CDATA[System.NotImplementedException : The method or operation is not implemented.]]></message>
              <stack-trace><![CDATA[   at LINQExample.Small.ToSmallest.Smallest(Int64 n) in d:\Projects\Research\LINQ\LINQExample\Small\ToSmallest.cs:line 13
   at LINQExample.Small.ToSmallestTests.testing(Int64 n, String res) in d:\Projects\Research\LINQ\LINQExample\Small\ToSmallestTests.cs:line 16
   at LINQExample.Small.ToSmallestTests.test1() in d:\Projects\Research\LINQ\LINQExample\Small\ToSmallestTests.cs:line 26]]></stack-trace>
            </failure>
            <output><![CDATA[Basic Tests smallest
]]></output>
          </test-case>
        </test-suite>
      </test-suite>
      <test-suite type="TestFixture" id="1002" name="TestExample" fullname="LINQExample.TestExample" classname="LINQExample.TestExample" runstate="Runnable" testcasecount="6" result="Passed" start-time="2016-10-14 02:07:29Z" end-time="2016-10-14 02:07:29Z" duration="0.030147" total="6" passed="6" failed="0" inconclusive="0" skipped="0" asserts="6">
        <test-case id="1007" name="FindAEIOU" fullname="LINQExample.TestExample.FindAEIOU" methodname="FindAEIOU" classname="LINQExample.TestExample" runstate="Runnable" seed="1543180549" result="Passed" start-time="2016-10-14 02:07:29Z" end-time="2016-10-14 02:07:29Z" duration="0.009265" asserts="1" />
        <test-case id="1006" name="FindPriceMoreThan20" fullname="LINQExample.TestExample.FindPriceMoreThan20" methodname="FindPriceMoreThan20" classname="LINQExample.TestExample" runstate="Runnable" seed="901804190" result="Passed" start-time="2016-10-14 02:07:29Z" end-time="2016-10-14 02:07:29Z" duration="0.003279" asserts="1" />
        <test-case id="1005" name="FindSumOfOrdersThis" fullname="LINQExample.TestExample.FindSumOfOrdersThis" methodname="FindSumOfOrdersThis" classname="LINQExample.TestExample" runstate="Runnable" seed="1625466105" result="Passed" start-time="2016-10-14 02:07:29Z" end-time="2016-10-14 02:07:29Z" duration="0.001987" asserts="1" />
        <test-case id="1004" name="Test_LINQ_Find_EvenLengthString" fullname="LINQExample.TestExample.Test_LINQ_Find_EvenLengthString" methodname="Test_LINQ_Find_EvenLengthString" classname="LINQExample.TestExample" runstate="Runnable" seed="198192738" result="Passed" start-time="2016-10-14 02:07:29Z" end-time="2016-10-14 02:07:29Z" duration="0.000706" asserts="1" />
        <test-case id="1003" name="Test_LINQ_Where" fullname="LINQExample.TestExample.Test_LINQ_Where" methodname="Test_LINQ_Where" classname="LINQExample.TestExample" runstate="Runnable" seed="144346142" result="Passed" start-time="2016-10-14 02:07:29Z" end-time="2016-10-14 02:07:29Z" duration="0.003159" asserts="1" />
        <test-case id="1008" name="WantOnlyMod7AndPlus1" fullname="LINQExample.TestExample.WantOnlyMod7AndPlus1" methodname="WantOnlyMod7AndPlus1" classname="LINQExample.TestExample" runstate="Runnable" seed="222104012" result="Passed" start-time="2016-10-14 02:07:29Z" end-time="2016-10-14 02:07:29Z" duration="0.000833" asserts="1" />
      </test-suite>
    </test-suite>
  </test-suite>
</test-run>