<?xml version="1.0" encoding="utf-8"?>
<test-run id="2" name="LINQExample.exe" fullname="D:/Projects/Research/LINQ/LINQExample/bin/Debug/LINQExample.exe" testcasecount="10" result="Failed" start-time="2016-09-28 02:44:33Z" end-time="2016-09-28 02:44:34Z" duration="0.071907" total="10" passed="6" failed="4" inconclusive="0" skipped="0" asserts="6" random-seed="1905368125">
  <command-line><![CDATA["D:\Projects\Research\LINQ\LINQExample\bin\Debug\LINQExample.exe"   ]]></command-line>
  <filter />
  <test-suite type="Assembly" id="1012" name="LINQExample.exe" fullname="D:/Projects/Research/LINQ/LINQExample/bin/Debug/LINQExample.exe" runstate="Runnable" testcasecount="10" result="Failed" site="Child" start-time="2016-09-28 02:44:33Z" end-time="2016-09-28 02:44:34Z" duration="0.071907" total="10" passed="6" failed="4" inconclusive="0" skipped="0" asserts="6">
    <environment framework-version="3.4.1.0" clr-version="4.0.30319.42000" os-version="Microsoft Windows NT 6.1.7601 Service Pack 1" platform="Win32NT" cwd="D:\Projects\Research\LINQ\LINQExample\bin\Debug" machine-name="CONNEX-TON-A" user="anumart.c" user-domain="CONNEX" culture="en-US" uiculture="en-US" os-architecture="x86" />
    <settings>
      <setting name="WorkDirectory" value="D:\Projects\Research\LINQ\LINQExample\bin\Debug" />
      <setting name="NumberOfTestWorkers" value="4" />
    </settings>
    <properties>
      <property name="_PID" value="1332" />
      <property name="_APPDOMAIN" value="LINQExample.exe" />
    </properties>
    <failure>
      <message><![CDATA[One or more child tests had errors]]></message>
    </failure>
    <test-suite type="TestSuite" id="1013" name="LINQExample" fullname="LINQExample" runstate="Runnable" testcasecount="10" result="Failed" site="Child" start-time="2016-09-28 02:44:33Z" end-time="2016-09-28 02:44:34Z" duration="0.063003" total="10" passed="6" failed="4" inconclusive="0" skipped="0" asserts="6">
      <failure>
        <message><![CDATA[One or more child tests had errors]]></message>
      </failure>
      <test-suite type="TestSuite" id="1014" name="StringKata" fullname="LINQExample.StringKata" runstate="Runnable" testcasecount="4" result="Failed" site="Child" start-time="2016-09-28 02:44:33Z" end-time="2016-09-28 02:44:34Z" duration="0.028775" total="4" passed="0" failed="4" inconclusive="0" skipped="0" asserts="0">
        <failure>
          <message><![CDATA[One or more child tests had errors]]></message>
        </failure>
        <test-suite type="TestFixture" id="1000" name="Exam" fullname="LINQExample.StringKata.Exam" classname="LINQExample.StringKata.Exam" runstate="Runnable" testcasecount="4" result="Failed" site="Child" start-time="2016-09-28 02:44:33Z" end-time="2016-09-28 02:44:34Z" duration="0.025073" total="4" passed="0" failed="4" inconclusive="0" skipped="0" asserts="0">
          <failure>
            <message><![CDATA[One or more child tests had errors]]></message>
          </failure>
          <test-case id="1004" name="Test_SumOfNo10" fullname="LINQExample.StringKata.Exam.Test_SumOfNo10" methodname="Test_SumOfNo10" classname="LINQExample.StringKata.Exam" runstate="Runnable" seed="881755560" result="Failed" label="Error" start-time="2016-09-28 02:44:34Z" end-time="2016-09-28 02:44:34Z" duration="0.011543" asserts="0">
            <failure>
              <message><![CDATA[System.NotImplementedException : The method or operation is not implemented.]]></message>
              <stack-trace><![CDATA[   at LINQExample.StringKata.StringKata.SumOfNum(Int32 n) in d:\Projects\Research\LINQ\LINQExample\StringKata\StringKata.cs:line 32
   at LINQExample.StringKata.Exam.Test_SumOfNo10() in d:\Projects\Research\LINQ\LINQExample\StringKata\Exam.cs:line 34]]></stack-trace>
            </failure>
          </test-case>
          <test-case id="1001" name="Test_SumOfNo6" fullname="LINQExample.StringKata.Exam.Test_SumOfNo6" methodname="Test_SumOfNo6" classname="LINQExample.StringKata.Exam" runstate="Runnable" seed="964432281" result="Failed" label="Error" start-time="2016-09-28 02:44:34Z" end-time="2016-09-28 02:44:34Z" duration="0.000753" asserts="0">
            <failure>
              <message><![CDATA[System.NotImplementedException : The method or operation is not implemented.]]></message>
              <stack-trace><![CDATA[   at LINQExample.StringKata.StringKata.SumOfNum(Int32 n) in d:\Projects\Research\LINQ\LINQExample\StringKata\StringKata.cs:line 32
   at LINQExample.StringKata.Exam.Test_SumOfNo6() in d:\Projects\Research\LINQ\LINQExample\StringKata\Exam.cs:line 16]]></stack-trace>
            </failure>
          </test-case>
          <test-case id="1002" name="Test_SumOfNoNegative" fullname="LINQExample.StringKata.Exam.Test_SumOfNoNegative" methodname="Test_SumOfNoNegative" classname="LINQExample.StringKata.Exam" runstate="Runnable" seed="611007133" result="Failed" label="Error" start-time="2016-09-28 02:44:34Z" end-time="2016-09-28 02:44:34Z" duration="0.000555" asserts="0">
            <failure>
              <message><![CDATA[System.NotImplementedException : The method or operation is not implemented.]]></message>
              <stack-trace><![CDATA[   at LINQExample.StringKata.StringKata.SumOfNum(Int32 n) in d:\Projects\Research\LINQ\LINQExample\StringKata\StringKata.cs:line 32
   at LINQExample.StringKata.Exam.Test_SumOfNoNegative() in d:\Projects\Research\LINQ\LINQExample\StringKata\Exam.cs:line 22]]></stack-trace>
            </failure>
          </test-case>
          <test-case id="1003" name="Test_SumOfNoZero" fullname="LINQExample.StringKata.Exam.Test_SumOfNoZero" methodname="Test_SumOfNoZero" classname="LINQExample.StringKata.Exam" runstate="Runnable" seed="878611736" result="Failed" label="Error" start-time="2016-09-28 02:44:34Z" end-time="2016-09-28 02:44:34Z" duration="0.000499" asserts="0">
            <failure>
              <message><![CDATA[System.NotImplementedException : The method or operation is not implemented.]]></message>
              <stack-trace><![CDATA[   at LINQExample.StringKata.StringKata.SumOfNum(Int32 n) in d:\Projects\Research\LINQ\LINQExample\StringKata\StringKata.cs:line 32
   at LINQExample.StringKata.Exam.Test_SumOfNoZero() in d:\Projects\Research\LINQ\LINQExample\StringKata\Exam.cs:line 28]]></stack-trace>
            </failure>
          </test-case>
        </test-suite>
      </test-suite>
      <test-suite type="TestFixture" id="1005" name="TestExample" fullname="LINQExample.TestExample" classname="LINQExample.TestExample" runstate="Runnable" testcasecount="6" result="Passed" start-time="2016-09-28 02:44:34Z" end-time="2016-09-28 02:44:34Z" duration="0.031012" total="6" passed="6" failed="0" inconclusive="0" skipped="0" asserts="6">
        <test-case id="1010" name="FindAEIOU" fullname="LINQExample.TestExample.FindAEIOU" methodname="FindAEIOU" classname="LINQExample.TestExample" runstate="Runnable" seed="424036607" result="Passed" start-time="2016-09-28 02:44:34Z" end-time="2016-09-28 02:44:34Z" duration="0.010725" asserts="1" />
        <test-case id="1009" name="FindPriceMoreThan20" fullname="LINQExample.TestExample.FindPriceMoreThan20" methodname="FindPriceMoreThan20" classname="LINQExample.TestExample" runstate="Runnable" seed="965815323" result="Passed" start-time="2016-09-28 02:44:34Z" end-time="2016-09-28 02:44:34Z" duration="0.003507" asserts="1" />
        <test-case id="1008" name="FindSumOfOrdersThis" fullname="LINQExample.TestExample.FindSumOfOrdersThis" methodname="FindSumOfOrdersThis" classname="LINQExample.TestExample" runstate="Runnable" seed="48302951" result="Passed" start-time="2016-09-28 02:44:34Z" end-time="2016-09-28 02:44:34Z" duration="0.002317" asserts="1" />
        <test-case id="1007" name="Test_LINQ_Find_EvenLengthString" fullname="LINQExample.TestExample.Test_LINQ_Find_EvenLengthString" methodname="Test_LINQ_Find_EvenLengthString" classname="LINQExample.TestExample" runstate="Runnable" seed="965290556" result="Passed" start-time="2016-09-28 02:44:34Z" end-time="2016-09-28 02:44:34Z" duration="0.000567" asserts="1" />
        <test-case id="1006" name="Test_LINQ_Where" fullname="LINQExample.TestExample.Test_LINQ_Where" methodname="Test_LINQ_Where" classname="LINQExample.TestExample" runstate="Runnable" seed="871042849" result="Passed" start-time="2016-09-28 02:44:34Z" end-time="2016-09-28 02:44:34Z" duration="0.004172" asserts="1" />
        <test-case id="1011" name="WantOnlyMod7AndPlus1" fullname="LINQExample.TestExample.WantOnlyMod7AndPlus1" methodname="WantOnlyMod7AndPlus1" classname="LINQExample.TestExample" runstate="Runnable" seed="1839265567" result="Passed" start-time="2016-09-28 02:44:34Z" end-time="2016-09-28 02:44:34Z" duration="0.000935" asserts="1" />
      </test-suite>
    </test-suite>
  </test-suite>
</test-run>